{"failedCount":1,"prefixedPath":"src\/test\/java\/files\/Download.feature","packageQualifiedName":"src.test.java.files.Download","loopIndex":-1,"relativePath":"src\/test\/java\/files\/Download.feature","scenarioResults":[{"sectionIndex":0,"stepResults":[{"result":{"nanos":0,"errorMessage":"js failed:\n>>>>\n01: name\n<<<<\norg.graalvm.polyglot.PolyglotException: ReferenceError: \"name\" is not defined\n- <js>.:program(Unnamed:1)\n\nsrc\/test\/java\/files\/Download.feature:18","millis":0.0,"status":"failed"},"step":{"endLine":0,"line":18,"prefix":"*","index":-1,"text":"dynamic expression evaluation failed: name"},"stepLog":"js failed:\n>>>>\n01: name\n<<<<\norg.graalvm.polyglot.PolyglotException: ReferenceError: \"name\" is not defined\n- <js>.:program(Unnamed:1)\n\ncom.intuit.karate.KarateException: js failed:\n>>>>\n01: name\n<<<<\norg.graalvm.polyglot.PolyglotException: ReferenceError: \"name\" is not defined\n- <js>.:program(Unnamed:1)\n\r\n\tat com.intuit.karate.graal.JsEngine.fromJsEvalException(JsEngine.java:233)\r\n\tat com.intuit.karate.core.ScenarioEngine.evalJs(ScenarioEngine.java:1342)\r\n\tat com.intuit.karate.core.ScenarioEngine.evalKarateExpression(ScenarioEngine.java:2369)\r\n\tat com.intuit.karate.core.ScenarioEngine.evalKarateExpression(ScenarioEngine.java:2288)\r\n\tat com.intuit.karate.core.ScenarioIterator.tryAdvance(ScenarioIterator.java:107)\r\n\tat java.base\/java.util.stream.StreamSpliterators$WrappingSpliterator.lambda$initPartialTraversalState$0(StreamSpliterators.java:294)\r\n\tat java.base\/java.util.stream.StreamSpliterators$AbstractWrappingSpliterator.fillBuffer(StreamSpliterators.java:206)\r\n\tat java.base\/java.util.stream.StreamSpliterators$AbstractWrappingSpliterator.doAdvance(StreamSpliterators.java:161)\r\n\tat java.base\/java.util.stream.StreamSpliterators$WrappingSpliterator.tryAdvance(StreamSpliterators.java:300)\r\n\tat java.base\/java.util.Spliterators$1Adapter.hasNext(Spliterators.java:681)\r\n\tat java.base\/java.util.Iterator.forEachRemaining(Iterator.java:132)\r\n\tat com.intuit.karate.core.FeatureRuntime.run(FeatureRuntime.java:165)\r\n\tat java.base\/java.util.concurrent.Executors$RunnableAdapter.call(Executors.java:515)\r\n\tat java.base\/java.util.concurrent.FutureTask.run(FutureTask.java:264)\r\n\tat com.intuit.karate.core.SyncExecutorService.execute(SyncExecutorService.java:70)\r\n\tat java.base\/java.util.concurrent.AbstractExecutorService.submit(AbstractExecutorService.java:118)\r\n\tat com.intuit.karate.Suite.run(Suite.java:235)\r\n\tat com.intuit.karate.Runner$Builder.parallel(Runner.java:575)\r\n\tat com.intuit.karate.cli.IdeMain.main(IdeMain.java:60)\r\n\tat cucumber.api.cli.Main.main(Main.java:34)\r\n"}],"line":18,"description":"","durationMillis":0.0,"failed":true,"error":"js failed:\n>>>>\n01: name\n<<<<\norg.graalvm.polyglot.PolyglotException: ReferenceError: \"name\" is not defined\n- <js>.:program(Unnamed:1)\n\nsrc\/test\/java\/files\/Download.feature:18","tags":["imagen"],"executorName":"main","name":"Prueba de API","startTime":1717531028293,"refId":"[1.1:18]","endTime":0,"exampleIndex":0}],"callDepth":0,"name":"testdownload","description":"Scenario : Test API download imagen get\r\n    Given url \"http:\/\/localhost:5002\/api\/download?name=Yey.jpg\"\r\n    And header Authorization = \"Basic YWRtaW46YWRtaW4=\"\r\n    And method GET\r\n    Then status 200","resultDate":"2024-06-04 02:57:08 p. m.","durationMillis":0.0,"passedCount":0}