<?xml version="1.0" encoding="UTF-8" standalone="no"?><testsuite errors="1" failures="0" name="Agregar productos" skipped="0" tests="1" time="27.57" timestamp="2024-06-03 06:47:19"><testcase name="Agregar productos aleatorios al carrito"><error message="no such element: Unable to locate element: {&quot;method&quot;:&quot;xpath&quot;,&quot;selector&quot;:&quot;//ul[@data-fs-product-grid=&quot;true&quot;]/li[14]//button[@class=&quot;DefaultStyle_default__jW12W  &quot;]&quot;}&#10;  (Session info: chrome=125.0.6422.78)&#10;For documentation on this error, please visit: https://www.selenium.dev/documentation/webdriver/troubleshooting/errors#no-such-element-exception&#10;Build info: version: '4.16.1', revision: '9b4c83354e'&#10;System info: os.name: 'Windows 10', os.arch: 'amd64', os.version: '10.0', java.version: '11.0.22'&#10;Driver info: org.openqa.selenium.chrome.ChromeDriver&#10;Command: [4a6957fca90c254eb5164599a6dc0c77, findElement {using=xpath, value=//ul[@data-fs-product-grid=&quot;true&quot;]/li[14]//button[@class=&quot;DefaultStyle_default__jW12W  &quot;]}]&#10;Capabilities {acceptInsecureCerts: false, browserName: chrome, browserVersion: 125.0.6422.78, chrome: {chromedriverVersion: 125.0.6422.141 (4b1e8393712..., userDataDir: C:\Users\edelacrc\AppData\L...}, fedcm:accounts: true, goog:chromeOptions: {debuggerAddress: localhost:52283}, networkConnectionEnabled: false, pageLoadStrategy: normal, platformName: windows, proxy: Proxy(), se:cdp: ws://localhost:52283/devtoo..., se:cdpVersion: 125.0.6422.78, setWindowRect: true, strictFileInteractability: false, timeouts: {implicit: 0, pageLoad: 300000, script: 30000}, unhandledPromptBehavior: dismiss and notify, webauthn:extension:credBlob: true, webauthn:extension:largeBlob: true, webauthn:extension:minPinLength: true, webauthn:extension:prf: true, webauthn:virtualAuthenticators: true}&#10;Session ID: 4a6957fca90c254eb5164599a6dc0c77&#10;For documentation on this error, please visit: https://www.selenium.dev/documentation/webdriver/troubleshooting/errors#no-such-element-exception&#10;Build info: version: '4.16.1', revision: '9b4c83354e'&#10;System info: os.name: 'Windows 10', os.arch: 'amd64', os.version: '10.0', java.version: '11.0.22'&#10;Driver info: driver.version: unknown" type="org.openqa.selenium.NoSuchElementException">no such element: Unable to locate element: {"method":"xpath","selector":"//ul[@data-fs-product-grid="true"]/li[14]//button[@class="DefaultStyle_default__jW12W  "]"}
  (Session info: chrome=125.0.6422.78)
For documentation on this error, please visit: https://www.selenium.dev/documentation/webdriver/troubleshooting/errors#no-such-element-exception
Build info: version: '4.16.1', revision: '9b4c83354e'
System info: os.name: 'Windows 10', os.arch: 'amd64', os.version: '10.0', java.version: '11.0.22'
Driver info: org.openqa.selenium.chrome.ChromeDriver
Command: [4a6957fca90c254eb5164599a6dc0c77, findElement {using=xpath, value=//ul[@data-fs-product-grid="true"]/li[14]//button[@class="DefaultStyle_default__jW12W  "]}]
Capabilities {acceptInsecureCerts: false, browserName: chrome, browserVersion: 125.0.6422.78, chrome: {chromedriverVersion: 125.0.6422.141 (4b1e8393712..., userDataDir: C:\Users\edelacrc\AppData\L...}, fedcm:accounts: true, goog:chromeOptions: {debuggerAddress: localhost:52283}, networkConnectionEnabled: false, pageLoadStrategy: normal, platformName: windows, proxy: Proxy(), se:cdp: ws://localhost:52283/devtoo..., se:cdpVersion: 125.0.6422.78, setWindowRect: true, strictFileInteractability: false, timeouts: {implicit: 0, pageLoad: 300000, script: 30000}, unhandledPromptBehavior: dismiss and notify, webauthn:extension:credBlob: true, webauthn:extension:largeBlob: true, webauthn:extension:minPinLength: true, webauthn:extension:prf: true, webauthn:virtualAuthenticators: true}
Session ID: 4a6957fca90c254eb5164599a6dc0c77
For documentation on this error, please visit: https://www.selenium.dev/documentation/webdriver/troubleshooting/errors#no-such-element-exception
Build info: version: '4.16.1', revision: '9b4c83354e'
System info: os.name: 'Windows 10', os.arch: 'amd64', os.version: '10.0', java.version: '11.0.22'
Driver info: driver.version: unknown</error><system-err>no such element: Unable to locate element: {"method":"xpath","selector":"//ul[@data-fs-product-grid="true"]/li[14]//button[@class="DefaultStyle_default__jW12W  "]"}
  (Session info: chrome=125.0.6422.78)
For documentation on this error, please visit: https://www.selenium.dev/documentation/webdriver/troubleshooting/errors#no-such-element-exception
Build info: version: '4.16.1', revision: '9b4c83354e'
System info: os.name: 'Windows 10', os.arch: 'amd64', os.version: '10.0', java.version: '11.0.22'
Driver info: org.openqa.selenium.chrome.ChromeDriver
Command: [4a6957fca90c254eb5164599a6dc0c77, findElement {using=xpath, value=//ul[@data-fs-product-grid="true"]/li[14]//button[@class="DefaultStyle_default__jW12W  "]}]
Capabilities {acceptInsecureCerts: false, browserName: chrome, browserVersion: 125.0.6422.78, chrome: {chromedriverVersion: 125.0.6422.141 (4b1e8393712..., userDataDir: C:\Users\edelacrc\AppData\L...}, fedcm:accounts: true, goog:chromeOptions: {debuggerAddress: localhost:52283}, networkConnectionEnabled: false, pageLoadStrategy: normal, platformName: windows, proxy: Proxy(), se:cdp: ws://localhost:52283/devtoo..., se:cdpVersion: 125.0.6422.78, setWindowRect: true, strictFileInteractability: false, timeouts: {implicit: 0, pageLoad: 300000, script: 30000}, unhandledPromptBehavior: dismiss and notify, webauthn:extension:credBlob: true, webauthn:extension:largeBlob: true, webauthn:extension:minPinLength: true, webauthn:extension:prf: true, webauthn:virtualAuthenticators: true}
Session ID: 4a6957fca90c254eb5164599a6dc0c77
For documentation on this error, please visit: https://www.selenium.dev/documentation/webdriver/troubleshooting/errors#no-such-element-exception
Build info: version: '4.16.1', revision: '9b4c83354e'
System info: os.name: 'Windows 10', os.arch: 'amd64', os.version: '10.0', java.version: '11.0.22'
Driver info: driver.version: unknown&#13;
com.project.page.AgregarProductoPage.selecciono_los_productos(AgregarProductoPage.java:87)&#13;
com.project.step.AgregarProductoStep.selecciono_los_productos(AgregarProductoStep.java:30)&#13;
com.project.glue.AgregarProductoStepdefinition.selecciono_los_productos(AgregarProductoStepdefinition.java:41)&#13;
✽.selecciono los productos(file:///C:/Users/edelacrc/RETO/WEB/projectedwindelacruz/src/test/resources/features/agregarproducto.feature:11)&#13;
</system-err></testcase></testsuite>